\BOOKMARK [1][-]{section.1}{\376\377\0003\000D\000\040\000C\000o\000l\000o\000r\000\040\000H\000i\000s\000t\000o\000g\000r\000a\000m}{}% 1
\BOOKMARK [1][-]{section.2}{\376\377\000P\000e\000r\000\040\000C\000h\000a\000n\000n\000e\000l\000\040\000C\000o\000l\000o\000r\000\040\000h\000i\000s\000t\000o\000g\000r\000a\000m}{}% 2
\BOOKMARK [1][-]{section.3}{\376\377\000G\000r\000i\000d\000\040\000B\000a\000s\000e\000d\000\040\000F\000e\000a\000t\000u\000r\000e\000\040\000E\000x\000t\000r\000a\000c\000t\000i\000o\000n\000\040\000-\000\040\000Q\000u\000e\000r\000y\000\040\000s\000e\000t\000\040\0001}{}% 3
\BOOKMARK [2][-]{subsection.3.1}{\376\377\0004\0008\0004\0008\000\040\000s\000p\000a\000t\000i\000a\000l\000\040\000g\000r\000i\000d}{section.3}% 4
\BOOKMARK [2][-]{subsection.3.2}{\376\377\0002\0004\0002\0004\000\040\000s\000p\000a\000t\000i\000a\000l\000\040\000g\000r\000i\000d}{section.3}% 5
\BOOKMARK [2][-]{subsection.3.3}{\376\377\0001\0006\0001\0006\000\040\000s\000p\000a\000t\000i\000a\000l\000\040\000g\000r\000i\000d}{section.3}% 6
\BOOKMARK [2][-]{subsection.3.4}{\376\377\0001\0002\0001\0002\000\040\000s\000p\000a\000t\000i\000a\000l\000\040\000g\000r\000i\000d}{section.3}% 7
\BOOKMARK [2][-]{subsection.3.5}{\376\377\000Q\000u\000e\000s\000t\000i\000o\000n\000s}{section.3}% 8
\BOOKMARK [1][-]{section.4}{\376\377\000G\000r\000i\000d\000\040\000B\000a\000s\000e\000d\000\040\000F\000e\000a\000t\000u\000r\000e\000\040\000E\000x\000t\000r\000a\000c\000t\000i\000o\000n\000\040\000-\000\040\000Q\000u\000e\000r\000y\000\040\000s\000e\000t\000\040\0002}{}% 9
\BOOKMARK [2][-]{subsection.4.1}{\376\377\0004\0008\0004\0008\000\040\000s\000p\000a\000t\000i\000a\000l\000\040\000g\000r\000i\000d}{section.4}% 10
\BOOKMARK [2][-]{subsection.4.2}{\376\377\0002\0004\0002\0004\000\040\000s\000p\000a\000t\000i\000a\000l\000\040\000g\000r\000i\000d}{section.4}% 11
\BOOKMARK [2][-]{subsection.4.3}{\376\377\0001\0006\0001\0006\000\040\000s\000p\000a\000t\000i\000a\000l\000\040\000g\000r\000i\000d}{section.4}% 12
\BOOKMARK [2][-]{subsection.4.4}{\376\377\0001\0002\0001\0002\000\040\000s\000p\000a\000t\000i\000a\000l\000\040\000g\000r\000i\000d}{section.4}% 13
\BOOKMARK [2][-]{subsection.4.5}{\376\377\000Q\000u\000e\000s\000t\000i\000o\000n\000s}{section.4}% 14
\BOOKMARK [1][-]{section.5}{\376\377\000G\000r\000i\000d\000\040\000B\000a\000s\000e\000d\000\040\000F\000e\000a\000t\000u\000r\000e\000\040\000E\000x\000t\000r\000a\000c\000t\000i\000o\000n\000\040\000-\000\040\000Q\000u\000e\000r\000y\000\040\000s\000e\000t\000\040\0003}{}% 15
\BOOKMARK [2][-]{subsection.5.1}{\376\377\0004\0008\0004\0008\000\040\000s\000p\000a\000t\000i\000a\000l\000\040\000g\000r\000i\000d}{section.5}% 16
\BOOKMARK [2][-]{subsection.5.2}{\376\377\0002\0004\0002\0004\000\040\000s\000p\000a\000t\000i\000a\000l\000\040\000g\000r\000i\000d}{section.5}% 17
\BOOKMARK [2][-]{subsection.5.3}{\376\377\0001\0006\0001\0006\000\040\000s\000p\000a\000t\000i\000a\000l\000\040\000g\000r\000i\000d}{section.5}% 18
\BOOKMARK [2][-]{subsection.5.4}{\376\377\0001\0002\0001\0002\000\040\000s\000p\000a\000t\000i\000a\000l\000\040\000g\000r\000i\000d}{section.5}% 19
\BOOKMARK [2][-]{subsection.5.5}{\376\377\000Q\000u\000e\000s\000t\000i\000o\000n\000s}{section.5}% 20
\BOOKMARK [1][-]{section.6}{\376\377\000A\000d\000d\000i\000t\000i\000o\000n\000a\000l\000\040\000C\000o\000m\000m\000e\000n\000t\000s\000\040\000a\000n\000d\000\040\000R\000e\000f\000e\000r\000e\000n\000c\000e\000s}{}% 21
